1000
-2.0558992827771405
2.8806107347213894
-0.7620775332698683
-0.37231911151561503
1.5815711287224277
0.19568421013030757
-0.22935967231032678
0.36387078711808146
0.14182952728859768
-1.5783735146891427
-0.6206290912042829
-0.46143138505462833
-0.2966673804513694
0.250304842195247
-3.031188120226554
2.208908409847085
-1.215459071676679
0.32860484526895123
-0.7591240929579745
0.5243105656623048
1.5788528526091874
-0.5547946180437564
0.24259656436137597
-0.12286598799559043
1.7557385891564623
-0.6808715368325005
0.8534341610075269
0.038686962329055344
-0.6987636159452818
-0.14025875930762519
-2.768665195804754
2.744240608787385
0.33965222290970953
0.408184341569323
1.4446836190753582
1.1918884759329669
3.9988418957102336
-2.189120191619491
1.7152682751039183
-1.8626136350205238
-2.368090655720172
-1.1997506957392776
1.2302351393845599
-1.2428488450019608
-0.19778206087926054
-0.8810293898920712
1.9485797344079285
0.23501340032329776
1.4635177318636112
0.8788893358629004
1.1941331208048327
1.9366277128186822
2.864208915749631
-1.0536610119717966
-0.9129946612513311
0.47650729454438046
-0.5223318138257621
-3.447694845597708
-1.542233395737601
-1.0443204919929343
0.149988968880702
0.7163788685623421
-1.393598984788
-3.6077430913872806
-1.2622957535903165
2.096413004069321
-1.7321377248750416
0.629343226223222
-4.295926493631549
-1.6040131563415017
-1.7718182293308198
2.6345267430693635
0.9333833501247341
-2.94999105015542
-3.0965235317623585
1.6243524950811405
1.1069240093209227
0.9642148183471185
0.658772995795284
-2.1973187085896138
-1.2895441356351924
0.2896043561303346
2.980142252900298
1.1591399581567472
0.5356505364930914
1.5563344496294094
0.6604711613432414
1.59832332359103
-3.587184118898958
4.414038745534216
0.8875302066176429
-0.356091106088312
1.7458781380734916
1.4727134648835107
-1.406371769881848
-1.3482852227864557
-0.478939266882505
-1.2943540912608553
0.8671747503085694
0.4922072111647937
0.2682910779622455
0.11931457070276771
-0.0016001589381788098
-0.8268668697955833
-1.980781002961695
0.1711288379789178
0.6829590030036872
-0.17584945665040796
0.3552097229579644
-2.9097908061458595
1.4234069252995807
0.6657792779757691
-1.1052346345362751
-0.658618067320303
-1.95922223025816
1.867087983496489
-1.6695372603658096
0.3678128823544552
3.1137055928566646
1.1301238501735025
-0.32331374587309847
-0.6446851651802609
0.14074604419027617
0.4623765314826649
1.9056569110449904
-1.286635846952991
0.878583411952561
1.7560728143993256
0.8756786398730654
0.41460158780201506
-0.6618582693045104
-1.6151205877062327
0.8721188752119353
-0.05385003318422308
-2.025382586817072
-0.5252427888012003
-0.2413910040439422
-1.4620689627770718
0.07102995373928266
-0.32912890171378284
1.1700324672283473
0.013630249263750518
3.4851233412020632
-0.46310233098703013
-0.09587897694144351
-0.059678597608370465
-2.335333937275817
-0.07235459469945679
0.19260744428609947
0.39096216686512186
3.062782716440025
-0.6553220610929906
-0.09422925992828143
-1.06250697910723
0.2734369389603547
0.7264953917999067
-1.5656344298773859
1.619726144195765
-0.8148742528292088
-0.03597596194111254
-2.1899692927541987
4.406047258628296
-0.5517551282221924
1.6140654690410263
-0.6290722708846059
-1.067982153008846
-2.6891599774917063
1.8439724346672246
-0.45476116753801515
1.0335919858079832
-1.2957034677150063
0.11252824944673334
-1.2314484252065052
-1.6582579020098134
1.349148667967913
-0.49179738817743757
-0.6481254275122011
-1.34546364364439
1.5078146893771194
-0.6908114383642554
0.8386387158764236
0.6433949211046717
-1.9136950680776037
-2.9635546489339557
1.4088420953892264
-2.772909882958474
0.3847535847156386
0.6279258729765398
0.9199252028512667
-3.282842192064376
1.0643485397199826
0.03913621239391123
3.757590675606167
0.9801052818451786
3.887123946809606
1.3778375811522074
-2.424843900626509
2.4375552460555348
0.9723869127538404
-0.9939573540942229
-1.0198839805040547
3.981893089462272
0.6828431303480672
-1.8042111949376922
-2.4054406490289364
1.3242243528916766
1.3861279290864286
-4.519508268497941
1.4218518338099242
2.9507259706762383
-0.41109884100696314
-0.9002330424386692
-0.36569003228254104
0.6565799946387003
-0.038579373284183364
-1.5756995115440502
2.0208611037455615
1.2147806211063858
-0.8885281072248682
-0.05194359942879151
1.5755426650351136
1.3094981431951367
0.5160119765501961
2.7201180826656732
-1.222354769335005
0.4832408514854575
3.928594759633965
-0.8462559932346571
-0.833130976810075
0.08531163063607038
-0.06657115936704575
0.3535916712889822
-2.6822907638113342
1.372997258144781
-2.0285052700226283
-3.2096227722158526
-0.8469339377308194
-1.0713818537647786
-0.8083918304696777
2.7784786532060393
-0.7647074484830825
1.5167714470186136
1.9992448144978872
0.0272854513459762
-2.526362223792401
0.133032009922749
-0.034305070927917
0.043469333311527865
2.5820179221264192
-1.5155991190429954
0.5570953133424482
2.239838521680077
3.6953860175084596
-0.8890718864366446
1.06238757114682
1.4237548940788542
0.21530856265826145
0.10551492983528499
-1.39310821475164
1.2832484027923952
0.876737955151847
0.40437227467879155
1.6265836068545814
0.5926974996562008
-0.7995414382333604
-0.09375581719965752
0.5525285595100279
-3.0885557787661804
-1.2685180612872955
3.763266737600717
-0.9352273253321373
3.0115063056659688
-1.1015007090403048
-2.429064284407867
-1.66523073465673
-0.23827629629421748
-0.9900555307658615
-3.835195848179753
1.3011784469149696
1.6648978043280616
-0.5735160287822159
3.5741370053056905
-0.14370986378268175
-0.6257554438981691
-2.044711336790012
-0.004732853587491315
-0.30132534731887073
0.04134298076154588
-1.9344844899600668
0.10444142481489062
-0.3214516816641235
-1.8694877865495596
0.5443113625821363
-0.30564549560494164
3.4455364536670317
-0.18674459528919884
1.1493850268283188
-0.7908615015983383
3.0624253909637407
2.4488377772222534
-1.2089201722171818
1.4688680900319733
2.1859822583417423
0.15567230896146608
0.6500333541473308
-1.333598281737941
-0.28988068043751636
0.3198726914460739
-1.402968965180072
-1.025760754086327
1.7329827619690692
-0.035190592509680735
0.24340463305789847
-0.6009102779424922
1.7108736575865493
1.28054439621419
1.3738091971799966
2.595351703387863
-3.08767908616239
0.9201336618011894
-1.9197303142160165
4.894459745685387
-1.040678238777731
-1.2396221013538478
-1.320051016787466
0.2562707641006829
-1.404215347680042
1.6309678242448686
1.2035876161270747
-0.921382885487475
1.5341872815552664
2.0576866701581173
-2.0992406130129337
-1.684334880019776
-0.03721736419561128
0.581831063192324
0.8967578309101127
-0.20962816008772425
0.6857936859023714
1.1989935152735836
0.42336244259216405
-1.021939124663902
-0.00167553245547937
-0.20134012713846144
3.100949111602467
-2.0053920120924147
1.5781187074027394
-1.3632639213631268
0.08795157157052105
0.7052802047099812
-1.4355253463412057
0.0191735138105109
0.8677961828971856
1.3493654648533766
-0.8379094733739008
-0.6276425606007665
0.775200563674857
-0.5466553238814593
-0.20544716554444054
0.45060901856136976
0.24964586992883092
0.9803305466138543
-0.21950054895291002
0.7049775073439262
-1.9261762188350966
-1.2755525759985966
0.30752626610755784
-0.7526290795555103
-0.3759770626607795
-3.1192610902945166
-1.496144277948774
-1.4789443000255122
1.511280852573815
-1.6072651718311737
0.8270759550193381
-1.4639122924283148
-0.5810232007945492
-0.13493574534708336
-1.2854576805677536
-1.5380767038382013
0.5021923047710505
-0.1124176692929524
0.03297715350383845
-0.3008660652456365
-2.0300093133630583
0.6938517439687413
-0.4757878340182206
1.9992104675263815
-0.7394147936579054
1.2709059015351698
0.10597693638830556
2.2114480291699232
-1.879526575483255
-1.2628629247560372
-2.5250726577815503
0.5134509180965368
0.09086424914581943
-0.9863097185421434
-2.248436566835867
-0.6635776020108856
-0.5166492843032915
0.6520776203196794
-0.9378320887731381
-0.1947418032670182
1.7509112053071123
-2.193066719307272
0.17785621481665256
0.1270599971069677
0.5299210963069639
-1.4159296830130796
-0.14772951338067747
-1.1818489949311988
0.12336081676477217
-0.3572107623269788
-0.7079568507650927
-1.776616723545531
1.7763845542675292
1.555470938255272
3.253829691217371
0.5463521771756854
-1.3496134935368649
-2.72198439903623
-1.4341953150128037
-1.3998041212893355
-2.745746114234152
0.7005575618953657
-0.07211112158378476
-0.07216105451334774
-2.0587228616808293
0.8455492837494102
-0.7770438382458529
-2.4928506480207013
0.7838599905023605
-1.5308429547040845
-1.8456935566573804
0.5674060590285973
2.0393036818904307
-0.7678715256375039
1.5251824849053863
-0.10936643573266319
0.6042332750067121
-3.9881235158875894
0.18942877080070405
1.2136081570745083
1.2704850673310124
0.9911983768711721
-1.5663416874896723
-0.4022359073111446
2.6850890910458727
1.3235898783803168
-0.5945364008603774
-1.0957386848125814
0.9842794412893868
-0.2903899754726189
1.2066747688145252
0.6451086719172229
-0.0759204967148928
1.1088604821437735
-1.3868158830110682
-3.7668692504109953
-3.643152591777142
-0.6954660556766261
1.0504879629712138
1.5030698568622998
-1.0196175680144446
0.7176214002363522
0.07064794980073166
1.7173794827548552
-0.25820437121683415
0.812933764900972
2.419093545960192
0.9074967306796424
0.27014966815614905
1.7063246463738304
1.0340871736522734
3.5976790176341362
-0.17330715845410888
0.14847069968562815
-3.686228524097376
0.9646127034187004
-1.6715524432447169
1.3007893769387135
-0.340005561209616
0.6149234369867367
1.3432753469251397
0.14606229635793289
-1.023681504184658
-1.4474504186358945
0.03371662886573976
0.7885464983676189
-1.24217983297012
1.294091136072168
2.741662814996796
0.5349735711242143
1.175412311399103
-0.5764311963593324
-0.5711781102720344
0.6076261876321889
-2.7506923158430565
-0.7210754756297998
0.7986215218896776
-0.97706293404238
-1.0041906077461993
-1.6213387354528128
-2.1641614761771217
1.8200615695203777
0.8338960096848617
-0.721569884297847
0.03408696356642812
1.843520488492018
0.602587605965272
-0.023450559691646226
1.6829780273984536
-0.8118977545274524
0.10353390327352853
1.6958458695404852
-0.4124689404508055
-0.4951599350421853
-1.8381635691523395
2.505404341922184
1.7920149987511527
1.608193720668864
1.4292465389370237
0.18891124555204772
5.415082010766857
0.01548855420998154
-0.024916867009935284
0.9887059307102226
-1.5745282005987746
1.1328145646101702
2.7138129181660946
-0.3571387575652299
0.41104457968112706
0.5525715559386357
0.406555187876606
0.38872930792106913
-0.9579966869015588
0.19383334929256277
-2.007461995559317
3.0109915495913087
1.6991405911029238
1.9082584019230828
1.8149626811180997
1.7767710985312302
1.6193049729965967
1.7051668372050441
-1.0250143939567842
1.7968658274101352
-0.24442976992336488
0.9666721677252779
0.6166151370140976
1.3421568584730492
-2.893041757561413
-2.303506952003991
1.826751331969749
1.4044221002384292
1.0760472522856093
0.40373541079434777
-1.7950645703172419
1.7082213538980593
-0.9529435148103952
0.3475462664866366
1.6637682326217853
0.5433276004258033
-1.5663115726933112
-0.13427167806982668
1.0655770686028616
0.8104861664964541
4.3566097883924435
-1.4274301230809745
-1.6180504825735846
0.7057299861422371
-0.9268529374348633
0.18029329629463745
-1.6627729343281192
-1.2319034810960479
-3.9095465461499765
0.5352643293473746
0.838525534100826
-1.4060497964124283
0.19714725927772808
1.351642220625081
0.6566081496146392
-1.4114984482017467
-2.518267517863312
-0.5071070793162141
0.39263027105617193
-1.4985749999511204
1.7022960009222128
-2.492231880175292
0.6688652839839775
1.4458914586463678
1.0454329319632831
0.8562859210370983
-1.231424096508231
-0.8516632194806263
0.3804501851415734
-2.0408203133569036
-1.7670040092129713
0.5498135498966532
2.2833962969963277
3.0423373339685837
-0.384262934776382
-2.4142578693346164
0.05071351288022154
0.10405126259755323
1.5369999004331316
0.5245168494104084
-3.7228223278764334
1.811635696230567
1.0429285840695044
-0.8416332666821916
-0.7133486122873425
3.8561320582316387
-1.728441594915059
-0.09155545602551199
-0.4034239951915107
-0.9812229452751277
0.571376995434914
-1.8272938258621079
0.644859467970599
0.9488827934085733
-0.6746672753162027
3.093606986208362
-0.5725793687431758
1.99422296975258
1.1593631930575365
-1.7914344317078874
-0.7970824394297095
1.6008905960776676
2.123814692332665
-0.9098003838004894
0.05729694938723977
1.9605594780016316
0.7530918331774235
1.3960354418456467
-0.23110218219974707
1.9879882814001875
0.5285095919905751
2.0620441357388906
0.6102137750209324
1.5113074400613518
-2.8817101757090264
0.24987626634989313
-0.7760943963901266
0.6438257870939014
0.1538729784488817
-0.5502083467245427
-3.5561690665815586
-0.59813207515334
-1.5920860477581253
1.8484916357129728
-1.3376545440854628
0.8949885273886317
-0.6469568563561785
-0.7364840103603768
1.095656038292073
-2.091330203964871
0.4374848755982226
0.20401288769832246
-0.30789575030153044
-1.0007210076136597
-1.8214342370642742
1.3000454505828674
-2.745587780704875
-2.1686052133197076
-0.10176267023771415
2.679549764209345
-1.0051656569676102
-1.648283676676817
3.1509830091591033
0.9400365235638777
-0.2899292804808256
0.8442938678969995
2.05631241379096
0.12364452302102724
-0.18898937396080295
-1.6103167941862513
-1.2533944566964996
0.10796059661122986
0.10958281601689114
-2.358926802122518
2.2556815139767625
1.7749646362576936
0.38596307412572584
0.11588599123606139
1.6071418045423636
0.004755614188925428
-2.168522725415101
-4.430037497130077
-0.02828733738373704
0.08033687680170595
-1.8295636273111606
-1.9858857347267427
-0.19898975867236726
-0.7057483059332552
-3.069238666664961
0.9056985916158509
1.4495387646183462
-0.935493787850291
-2.5915641683748087
-2.2774647565202137
1.1481536137918869
-2.1213304732499236
-1.0523732619656274
0.527587448194843
-2.3263160173207154
-1.237016327052829
-2.393333371086895
1.040356576590804
-0.7815256931729764
-0.2615341960303756
-0.7944140682503419
-0.5727492825334738
2.227076238390448
-2.63805462970247
0.3560090860644621
-0.47751963581325224
-1.651966318861905
-2.716862960083988
-2.0160754583471214
-1.3721638164519132
-1.6622739888933111
2.8141368827898368
-1.7086469422895558
-0.3452093496402368
2.8045630870378893
1.6212005609737454
-0.9574538790488148
1.1902902403848976
-0.10506665396224714
-0.8985357993158298
-0.08571923147101904
-1.6727046691046952
-0.29250442281381367
2.467094467510891
0.93990817981156
-0.4638033550614513
-1.8171610365675317
-0.08184029471469756
0.672380994499711
2.436770249188741
0.3890582343487531
0.8559388178311013
2.0937201542607604
-0.8080551632825999
-0.10034100626704676
1.7766812518657795
-0.9731036405592337
2.809197306457122
1.2759962382811771
0.017781333677820328
2.183010218517164
2.132053918863571
1.4585145306089637
1.674283265500656
-0.12839399291559783
-0.9362616961570959
-1.4511638471751052
2.2066306084682115
1.770121825853616
0.7958494014427064
-0.7930093980825267
-1.8580877906472644
-1.9411891226668456
3.161194418267582
2.738294924762897
-1.6842295735784008
-1.9523895478050486
-1.347353350987262
-2.6676237003654406
-0.3701055962805308
-0.36341575172428126
-0.10144146183471958
-0.31439666931029486
1.9696591949244442
0.9723011345815934
2.3281585920600514
0.6111522426205706
2.443130289399149
0.41397544821983195
0.4587219171019189
-2.379567218229096
0.4952263434893659
-1.5462075544549254
2.0045078724036345
-1.6778593253812935
-0.8474701960880535
-0.8399552808207509
-1.5562285139086711
1.1828362963337704
-0.5721413658819866
-2.1570144790938715
0.8660556648167884
0.3255524125443533
-2.2885368712282683
2.946203315555957
-0.6811031863811581
-0.09872275427959647
-0.7844083876578931
0.814311703084616
-0.7520691812067418
0.7581784250471035
-0.7154081828177828
-0.6940634704477514
-1.728236207768449
0.8350725469264344
2.3500111219237776
-2.5221853228663282
0.17696608601068248
-0.7617677601073275
1.3062088005620085
-0.04785081260780452
0.9265439348581294
1.3110620320693782
-2.4119936390389944
-0.3666040279549919
0.7489246834447656
-1.4775639356534005
-3.891758869315315
-0.4585126232250821
0.3214975800682652
-0.8678553565567126
0.1405596123930586
-1.1215712836325156
0.6813384941723539
2.566130164021579
-0.725275254858756
0.615682112572554
-1.0763736550612413
-1.1459952808299971
-0.383845088622933
-2.0496384660778304
1.9156037585026844
1.502152353497386
-0.051377342485402246
-0.9617061052233059
0.8149626374229453
-1.36038827384945
-0.25748413712503443
-1.317196257071451
-0.5867861195057829
-2.5816541582898807
-0.5791891681942405
-0.8220274679942812
-0.3165422412750644
1.931272163093537
-4.050013767610203E-5
-0.7479000129438979
-0.19209807721530606
-3.0130087324178967
-0.19076381818314678
0.10341036011374011
-0.2655443634359884
1.1133771076916836
0.7287193926906503
-0.24477092817278467
0.45926132555861543
-0.7743871276098678
0.6380538081428189
1.361399769883881
0.1512807768781721
-0.8250395857186195
1.3770134210037803
-0.9355236158926912
-2.2226103076472863
-0.1324128258728704
-2.2765921530600215
2.0213188277214496
-2.4429400027458152
1.8207195263201603
0.8785862155900369
0.18913543697241336
1.5092514455362243
-2.067114395146793
-1.2191116896117862
-1.1529089738313052
0.17787873873729015
1.4696065197352879
-3.574346984588416
0.13055576780810124
-1.9282876269711156
-0.33848631475045965
1.5142785420065996
-0.6309853639782683
-0.6046270675974457
0.4931935672220981
-0.7624319870696838
-0.5851484723857816
-0.4553357580563681
0.8124158548928692
1.0479289691128133
-0.6064889463817453
0.8710795813347272
2.269162210108765
-0.5399438558257039
1.3054277750589256
-0.6002625062190098
-1.87589477362029
0.23206382900334746
0.8158313417785644
0.7496581135627285
0.8892689721063536
-0.7172517173134253
-0.17683206540184587
1.7768206876161499
2.20898210963783
1.3890847115600293
-0.09088704969925371
-2.9812574678089994
1.6459503319438338
0.37909356916295095
0.531095396814138
0.05113705206382867
0.41695034531362846
-0.7829588015950759
-1.1154255381963893
-1.1137509176107325
-1.438766544636545
3.7445399007791536
-3.1100190149362756
0.9960883836273975
0.34701937989110204
-0.6312000350046668
0.23053256882379417
0.7953105004919275
-0.47018991292626094
0.521628920470607
-0.2430482009443852
0.1602816476373523
3.040749329678635
1.0624089540926984
-0.06240331855135117
1.0041385851951607
-0.18500257327504252
1.9479129047256638
-0.9687159974845042
-0.02748703305440322
-1.6507559645687382
1.5526493185136663
1.987503073582756
-2.4389593427139102
-0.09128787226345686
-1.05635485781888
1.2512142797104393
-1.376469684526589
1.1932510120826545
-1.4325899992652333
-1.1614081517570178
-2.330332351330928
-1.3421248101402754
-1.2318809413764893
1.2810385150395815
-1.0690194391070547
-0.8895951395923355
1.1067218555819114
-0.7466941504546439
-0.8492772836517916
-2.3242716996795503
0.42694790467474153
0.29518496988464027
2.4474443119085745
0.8814666014250634
3.5592706271794556
-3.3376064762631152
-0.00460452230397446
0.9265578890761488
3.371745554341803
0.6933794154519168
0.6505422836872903
-0.8495737464593908
-0.7894752390637272
-0.19674576532938898
-0.3681586001021504
-0.23110123878435807
-1.6122017443246341
-2.6001585302968797
1.8525139810180205
2.8178160839059805
1.5558207397302928
1.19857518625716
0.1698509295949958
1.1063097551161556
0.5225059470951389
0.8744142381579955
-0.997591411132174
-3.848149583572506
1.893422758129705
-0.670599747100346
1.2797689413008873
0.02201870921638227
-1.9156508189839563
-2.1194646315018075
0.8243451164699966
-2.2046073161139392
0.25367853512279437
1.4385339708990734
1.5882236916645853
-0.4027568500238931
-2.3307299598625195

1.8087177459944814E-7